E:\community\MSBuild\Microsoft\VC\v170\Microsoft.CppBuild.targets(500,5): warning MSB8004: Output Directory does not end with a trailing slash.  This build instance will add the slash as it is required to allow proper evaluation of the Output Directory.
  main.cpp
E:\PSync-main\Client\Utils.h(71,20): warning C4244: 'return': conversion from 'double' to 'float', possible loss of data
  D3D11Hook.cpp
  D3D9Hook.cpp
  OcularHook.cpp
  imgui.cpp
  imgui_demo.cpp
  imgui_draw.cpp
  imgui_impl_dx11.cpp
  imgui_impl_dx9.cpp
  imgui_impl_win32.cpp
  imgui_tables.cpp
  imgui_widgets.cpp
  kiero.cpp
  ocular.cpp
  BaseClient.cpp
E:\PSync-main\Client\Utils.h(71,20): warning C4244: 'return': conversion from 'double' to 'float', possible loss of data
E:\PSync-main\Client\PSync\Client\BaseClient.cpp(111,32): warning C4267: '+=': conversion from 'size_t' to 'unsigned int', possible loss of data
E:\PSync-main\Client\PSync\Client\BaseClient.cpp(342,30): warning C4267: '+=': conversion from 'size_t' to 'unsigned int', possible loss of data
E:\PSync-main\Client\PSync\Client\BaseClient.cpp(443,29): warning C4267: '+=': conversion from 'size_t' to 'unsigned int', possible loss of data
  BaseConfig.cpp
E:\PSync-main\Client\Utils.h(71,20): warning C4244: 'return': conversion from 'double' to 'float', possible loss of data
  RodinProM.cpp
  ControlGameData.cpp
E:\PSync-main\Client\Utils.h(71,20): warning C4244: 'return': conversion from 'double' to 'float', possible loss of data
E:\PSync-main\Client\PSync\GameData\ControlGameData.cpp(68,9): warning C4477: 'printf' : format string '%llx' requires an argument of type 'unsigned __int64', but variadic argument 1 has type 'uint64_t *'
E:\PSync-main\Client\PSync\GameData\ControlGameData.cpp(68,9): warning C4477: 'printf' : format string '%llx' requires an argument of type 'unsigned __int64', but variadic argument 2 has type 'uint64_t *'
E:\PSync-main\Client\PSync\GameData\ControlGameData.cpp(68,9): warning C4477: 'printf' : format string '%lu' requires an argument of type 'unsigned long', but variadic argument 3 has type 'uint64_t'
E:\PSync-main\Client\PSync\GameData\ControlGameData.cpp(68,9): message : consider using '%llu' in the format string
E:\PSync-main\Client\PSync\GameData\ControlGameData.cpp(68,9): message : consider using '%Iu' in the format string
E:\PSync-main\Client\PSync\GameData\ControlGameData.cpp(68,9): message : consider using '%I64u' in the format string
E:\PSync-main\Client\PSync\GameData\ControlGameData.cpp(75,10): warning C4477: 'printf' : format string '%llx' requires an argument of type 'unsigned __int64', but variadic argument 1 has type 'uint64_t *'
E:\PSync-main\Client\PSync\GameData\ControlGameData.cpp(80,10): warning C4477: 'printf' : format string '%llx' requires an argument of type 'unsigned __int64', but variadic argument 1 has type 'ptr *'
E:\PSync-main\Client\PSync\GameData\ControlGameData.cpp(114,9): warning C4477: 'printf' : format string '%llx' requires an argument of type 'unsigned __int64', but variadic argument 1 has type 'uint64_t *'
E:\PSync-main\Client\PSync\GameData\ControlGameData.cpp(114,9): warning C4477: 'printf' : format string '%llx' requires an argument of type 'unsigned __int64', but variadic argument 2 has type 'uint64_t *'
E:\PSync-main\Client\PSync\GameData\ControlGameData.cpp(114,9): warning C4477: 'printf' : format string '%llx' requires an argument of type 'unsigned __int64', but variadic argument 3 has type 'uint64_t *'
E:\PSync-main\Client\PSync\GameData\ControlGameData.cpp(122,10): warning C4477: 'printf' : format string '%llx' requires an argument of type 'unsigned __int64', but variadic argument 1 has type 'ptr *'
E:\PSync-main\Client\PSync\GameData\ControlGameData.cpp(122,10): warning C4477: 'printf' : format string '%llx' requires an argument of type 'unsigned __int64', but variadic argument 2 has type 'ptr *'
E:\PSync-main\Client\PSync\GameData\ControlGameData.cpp(229,9): warning C4477: 'printf' : format string '%llx' requires an argument of type 'unsigned __int64', but variadic argument 1 has type 'ptr *'
E:\PSync-main\Client\PSync\GameData\ControlGameData.cpp(230,9): warning C4477: 'printf' : format string '%llx' requires an argument of type 'unsigned __int64', but variadic argument 1 has type 'ptr *'
E:\PSync-main\Client\PSync\GameData\ControlGameData.cpp(231,9): warning C4477: 'printf' : format string '%llx' requires an argument of type 'unsigned __int64', but variadic argument 1 has type 'ptr *'
E:\PSync-main\Client\PSync\GameData\ControlGameData.cpp(232,9): warning C4477: 'printf' : format string '%llx' requires an argument of type 'unsigned __int64', but variadic argument 1 has type 'ptr *'
E:\PSync-main\Client\PSync\GameData\ControlGameData.cpp(233,9): warning C4477: 'printf' : format string '%llx' requires an argument of type 'unsigned __int64', but variadic argument 1 has type 'ptr *'
E:\PSync-main\Client\PSync\GameData\ControlGameData.cpp(234,9): warning C4477: 'printf' : format string '%llx' requires an argument of type 'unsigned __int64', but variadic argument 1 has type 'ptr *'
E:\PSync-main\Client\PSync\GameData\ControlGameData.cpp(235,9): warning C4477: 'printf' : format string '%llx' requires an argument of type 'unsigned __int64', but variadic argument 1 has type 'ptr *'
E:\PSync-main\Client\PSync\GameData\ControlGameData.cpp(236,9): warning C4477: 'printf' : format string '%llx' requires an argument of type 'unsigned __int64', but variadic argument 1 has type 'ptr *'
E:\PSync-main\Client\PSync\GameData\ControlGameData.cpp(237,9): warning C4477: 'printf' : format string '%llx' requires an argument of type 'unsigned __int64', but variadic argument 1 has type 'ptr *'
E:\PSync-main\Client\PSync\GameData\ControlGameData.cpp(294,23): warning C4244: 'argument': conversion from 'float' to 'int', possible loss of data
  BaseUI.cpp
E:\PSync-main\Client\Utils.h(71,20): warning C4244: 'return': conversion from 'double' to 'float', possible loss of data
E:\PSync-main\Client\PSync\UI\BaseUI.cpp(149,80): warning C4244: 'argument': conversion from 'float' to 'int', possible loss of data
E:\PSync-main\Client\PSync\UI\BaseUI.cpp(149,62): warning C4244: 'argument': conversion from 'float' to 'int', possible loss of data
E:\PSync-main\Client\PSync\UI\BaseUI.cpp(439,34): warning C4244: 'argument': conversion from 'int' to 'float', possible loss of data
E:\PSync-main\Client\PSync\UI\BaseUI.cpp(480,62): warning C4244: 'argument': conversion from 'float' to 'int', possible loss of data
E:\PSync-main\Client\PSync\UI\BaseUI.cpp(480,49): warning C4244: 'argument': conversion from 'float' to 'int', possible loss of data
E:\PSync-main\Client\PSync\UI\BaseUI.cpp(507,61): warning C4244: 'argument': conversion from 'float' to 'int', possible loss of data
E:\PSync-main\Client\PSync\UI\BaseUI.cpp(507,48): warning C4244: 'argument': conversion from 'float' to 'int', possible loss of data
E:\PSync-main\Client\PSync\UI\BaseUI.cpp(508,61): warning C4244: 'argument': conversion from 'float' to 'int', possible loss of data
E:\PSync-main\Client\PSync\UI\BaseUI.cpp(508,48): warning C4244: 'argument': conversion from 'float' to 'int', possible loss of data
E:\PSync-main\Client\PSync\UI\BaseUI.cpp(451,11): warning C4101: 'tmp': unreferenced local variable
E:\PSync-main\Client\PSync\UI\BaseUI.cpp(575,65): warning C4244: 'argument': conversion from 'float' to 'int', possible loss of data
E:\PSync-main\Client\PSync\UI\BaseUI.cpp(575,51): warning C4244: 'argument': conversion from 'float' to 'int', possible loss of data
E:\PSync-main\Client\PSync\UI\BaseUI.cpp(608,64): warning C4244: 'argument': conversion from 'float' to 'int', possible loss of data
E:\PSync-main\Client\PSync\UI\BaseUI.cpp(608,50): warning C4244: 'argument': conversion from 'float' to 'int', possible loss of data
E:\PSync-main\Client\PSync\UI\BaseUI.cpp(612,64): warning C4244: 'argument': conversion from 'float' to 'int', possible loss of data
E:\PSync-main\Client\PSync\UI\BaseUI.cpp(612,50): warning C4244: 'argument': conversion from 'float' to 'int', possible loss of data
E:\PSync-main\Client\PSync\UI\BaseUI.cpp(716,24): warning C4244: 'initializing': conversion from '_Rep' to 'unsigned int', possible loss of data
          with
          [
              _Rep=__int64
          ]
E:\PSync-main\Client\PSync\UI\BaseUI.cpp(731,121): warning C4244: 'argument': conversion from 'double' to 'float', possible loss of data
E:\PSync-main\Client\PSync\UI\BaseUI.cpp(731,135): warning C4305: 'argument': truncation from 'double' to 'float'
  ControlUI.cpp
E:\PSync-main\Client\Utils.h(71,20): warning C4244: 'return': conversion from 'double' to 'float', possible loss of data
E:\PSync-main\Client\PSync\UI\ControlUI.cpp(108,80): warning C4244: 'argument': conversion from 'float' to 'int', possible loss of data
E:\PSync-main\Client\PSync\UI\ControlUI.cpp(108,62): warning C4244: 'argument': conversion from 'float' to 'int', possible loss of data
E:\PSync-main\Client\PSync\UI\ControlUI.cpp(251,70): warning C4244: 'argument': conversion from 'double' to 'float', possible loss of data
E:\PSync-main\Client\PSync\UI\ControlUI.cpp(253,70): warning C4244: 'argument': conversion from 'double' to 'float', possible loss of data
E:\PSync-main\Client\PSync\UI\ControlUI.cpp(255,70): warning C4244: 'argument': conversion from 'double' to 'float', possible loss of data
  Compiling...
  DevilMayCry3SEUI.cpp
E:\PSync-main\Client\Utils.h(71,20): warning C4244: 'return': conversion from 'double' to 'float', possible loss of data
E:\PSync-main\Client\PSync\UI\DevilMayCry3SEUI.cpp(106,123): warning C4244: 'argument': conversion from 'float' to 'int', possible loss of data
E:\PSync-main\Client\PSync\UI\DevilMayCry3SEUI.cpp(106,110): warning C4244: 'argument': conversion from 'float' to 'int', possible loss of data
E:\PSync-main\Client\PSync\UI\DevilMayCry3SEUI.cpp(107,122): warning C4244: 'argument': conversion from 'float' to 'int', possible loss of data
E:\PSync-main\Client\PSync\UI\DevilMayCry3SEUI.cpp(107,109): warning C4244: 'argument': conversion from 'float' to 'int', possible loss of data
E:\PSync-main\Client\PSync\UI\DevilMayCry3SEUI.cpp(169,114): warning C4244: 'argument': conversion from 'float' to 'int', possible loss of data
E:\PSync-main\Client\PSync\UI\DevilMayCry3SEUI.cpp(169,100): warning C4244: 'argument': conversion from 'float' to 'int', possible loss of data
  NieRAutomataUI.cpp
E:\PSync-main\Client\Utils.h(71,20): warning C4244: 'return': conversion from 'double' to 'float', possible loss of data
  buffer.c
  hde32.c
  hde64.c
  hook.c
  trampoline.c
     Creating library D:\games\Control\Control\xinput1_4.lib and object D:\games\Control\Control\xinput1_4.exp
  Generating code
  Previous IPDB not found, fall back to full compilation.
  All 2745 functions were compiled because no usable IPDB/IOBJ from previous compilation was found.
  Finished generating code
  Client.vcxproj -> D:\games\Control\Control\xinput1_4.dll
